Traceback (most recent call last):
  File "/scratch/gobi2/mtian/my_project/lib/python3.7/site-packages/torch/utils/tensorboard/__init__.py", line 2, in <module>
    from tensorboard.summary.writer.record_writer import RecordWriter  # noqa F401
ModuleNotFoundError: No module named 'tensorboard'

During handling of the above exception, another exception occurred:

Traceback (most recent call last):
  File "./examples/run_squad_max.py", line 34, in <module>
    from torch.utils.tensorboard import SummaryWriter
  File "/scratch/gobi2/mtian/my_project/lib/python3.7/site-packages/torch/utils/tensorboard/__init__.py", line 4, in <module>
    raise ImportError('TensorBoard logging requires TensorBoard with Python summary writer installed. '
ImportError: TensorBoard logging requires TensorBoard with Python summary writer installed. This should be available in 1.14 or above.

During handling of the above exception, another exception occurred:

Traceback (most recent call last):
  File "./examples/run_squad_max.py", line 36, in <module>
    from tensorboardX import SummaryWriter
ModuleNotFoundError: No module named 'tensorboardX'
/var/spool/slurmd/job260198/slurm_script: line 13: --learning_rate: command not found
